<?xml version="1.0" encoding="UTF-8"?>
<!-- Generated by org.testng.reporters.JUnitReportReporter -->
<testsuite hostname="DESKTOP-HSN9QIK" failures="0" tests="1" name="practiseTestNG.CreateOrganozationWithContactTestCaseTestNg" time="85.963" errors="0" timestamp="2021-12-28T00:45:58 EST" skipped="0">
  <testcase classname="practiseTestNG.CreateOrganozationWithContactTestCaseTestNg" name="createOrganizationWithContact" time="85.963"/>
  <system-out/>
</testsuite> <!-- practiseTestNG.CreateOrganozationWithContactTestCaseTestNg -->
