<?xml version="1.0" encoding="UTF-8"?>
<!-- Generated by org.testng.reporters.JUnitReportReporter -->
<testsuite hostname="DESKTOP-HSN9QIK" failures="0" tests="1" name="practiseTestNG.CreateOrganizationWithIndustryTestNg" time="18.506" errors="0" timestamp="2021-12-28T00:45:58 EST" skipped="0">
  <testcase classname="practiseTestNG.CreateOrganizationWithIndustryTestNg" name="createOrgWithIndus" time="18.506"/>
  <system-out/>
</testsuite> <!-- practiseTestNG.CreateOrganizationWithIndustryTestNg -->
