<?xml version="1.0" encoding="UTF-8"?>
<!-- Generated by org.testng.reporters.JUnitReportReporter -->
<testsuite hostname="DESKTOP-HSN9QIK" failures="0" tests="5" name="practise.DataProviderPractiseTest" time="0.034" errors="0" timestamp="24 Dec 2021 14:49:29 GMT" skipped="0">
  <testcase classname="practise.DataProviderPractiseTest" name="readDataFromDataProviderTest" time="0.004"/>
  <testcase classname="practise.DataProviderPractiseTest" name="readDataFromDataProviderTest" time="0.023"/>
  <testcase classname="practise.DataProviderPractiseTest" name="readDataFromDataProviderTest" time="0.003"/>
  <testcase classname="practise.DataProviderPractiseTest" name="readDataFromDataProviderTest" time="0.002"/>
  <testcase classname="practise.DataProviderPractiseTest" name="readDataFromDataProviderTest" time="0.002"/>
</testsuite> <!-- practise.DataProviderPractiseTest -->
